<?xml version="1.0" encoding="UTF-8"?>
<testng-results ignored="0" total="1" passed="1" failed="0" skipped="0">
  <reporter-output>
  </reporter-output>
  <suite started-at="2023-12-02T10:15:54 IST" name="testsuite" finished-at="2023-12-02T10:15:59 IST" duration-ms="5276">
    <groups>
    </groups>
    <test started-at="2023-12-02T10:15:54 IST" name="MyFramework-Jenkins" finished-at="2023-12-02T10:15:59 IST" duration-ms="5276">
      <class name="tests.LoginTest">
        <test-method is-config="true" signature="start_browser()[pri:0, instance:tests.LoginTest@117159c0]" started-at="2023-12-02T10:15:54 IST" name="start_browser" finished-at="2023-12-02T10:15:59 IST" duration-ms="4475" status="PASS">
          <reporter-output>
          </reporter-output>
        </test-method> <!-- start_browser -->
        <test-method signature="test_login()[pri:0, instance:tests.LoginTest@117159c0]" started-at="2023-12-02T10:15:59 IST" name="test_login" finished-at="2023-12-02T10:15:59 IST" duration-ms="587" status="PASS">
          <reporter-output>
          </reporter-output>
        </test-method> <!-- test_login -->
        <test-method is-config="true" signature="close_browser()[pri:0, instance:tests.LoginTest@117159c0]" started-at="2023-12-02T10:15:59 IST" name="close_browser" finished-at="2023-12-02T10:15:59 IST" duration-ms="162" status="PASS">
          <reporter-output>
          </reporter-output>
        </test-method> <!-- close_browser -->
      </class> <!-- tests.LoginTest -->
    </test> <!-- MyFramework-Jenkins -->
  </suite> <!-- testsuite -->
</testng-results>
